<?xml version="1.0" encoding="UTF-8"?>
<!-- Generated by org.testng.reporters.JUnitReportReporter -->
<testsuite skipped="0" hostname="md1tbvxc" name="com.tests.CalTest" tests="3" failures="0" timestamp="11 Apr 2020 11:43:17 GMT" time="7.641" errors="0">
  <testcase name="sumTest" time="3.119" classname="com.tests.CalTest"/>
  <testcase name="subTest" time="2.310" classname="com.tests.CalTest"/>
  <testcase name="divTest" time="2.212" classname="com.tests.CalTest"/>
</testsuite> <!-- com.tests.CalTest -->
